\BOOKMARK [-1][-]{part.1}{I Multivariable Calculus}{}% 1
\BOOKMARK [0][-]{chapter.11}{Parametric Equations and Polar Coordinates}{part.1}% 2
\BOOKMARK [1][-]{section.11.1}{Curves Defined by Parametric Equations}{chapter.11}% 3
\BOOKMARK [1][-]{section.11.2}{Polar Coordinates}{chapter.11}% 4
\BOOKMARK [1][-]{section.11.3}{Areas and Lengths in Polar Coordinates}{chapter.11}% 5
\BOOKMARK [1][-]{section.11.4}{Conic Sections}{chapter.11}% 6
\BOOKMARK [1][-]{section.11.5}{Conic Sections in Polar Coordinates}{chapter.11}% 7
\BOOKMARK [2][-]{subsection.11.5.1}{Elasticity Theorem}{section.11.5}% 8
\BOOKMARK [2][-]{subsection.11.5.2}{Polar Equation}{section.11.5}% 9
\BOOKMARK [0][-]{chapter.12}{Infinite Sequences and Series}{part.1}% 10
\BOOKMARK [1][-]{section.12.1}{Sequences}{chapter.12}% 11
\BOOKMARK [1][-]{section.12.2}{Series}{chapter.12}% 12
\BOOKMARK [1][-]{section.12.3}{The Integral Test and Estimates of Sums}{chapter.12}% 13
\BOOKMARK [1][-]{section.12.4}{Comparison Tests}{chapter.12}% 14
\BOOKMARK [1][-]{section.12.5}{Alternating Series}{chapter.12}% 15
\BOOKMARK [1][-]{section.12.6}{Absolute Convergence and the Ratio and Root Tests}{chapter.12}% 16
\BOOKMARK [1][-]{section.12.7}{Strategy for Testing Series}{chapter.12}% 17
\BOOKMARK [1][-]{section.12.8}{Power Series}{chapter.12}% 18
\BOOKMARK [1][-]{section.12.9}{Representations of Functions as Power Series}{chapter.12}% 19
\BOOKMARK [1][-]{section.12.10}{Taylor and Maclaurin Series}{chapter.12}% 20
\BOOKMARK [0][-]{chapter.13}{Vectors and the Geometry of Space}{part.1}% 21
\BOOKMARK [1][-]{section.13.1}{Three-Dimensional Coordinate System}{chapter.13}% 22
\BOOKMARK [1][-]{section.13.2}{Vectors}{chapter.13}% 23
\BOOKMARK [1][-]{section.13.3}{The Dot Product}{chapter.13}% 24
\BOOKMARK [1][-]{section.13.4}{The Cross Product}{chapter.13}% 25
\BOOKMARK [1][-]{section.13.5}{Equations of Lines and Planes}{chapter.13}% 26
\BOOKMARK [0][-]{chapter.14}{Vector Functions}{part.1}% 27
\BOOKMARK [1][-]{section.14.1}{Vector Functions and Space Curves}{chapter.14}% 28
\BOOKMARK [1][-]{section.14.2}{Derivatives and Integrals of Vector Functions}{chapter.14}% 29
\BOOKMARK [1][-]{section.14.3}{Arc Length and Curvature}{chapter.14}% 30
\BOOKMARK [1][-]{section.14.4}{Motion in Space: Velocity and Acceleration}{chapter.14}% 31
\BOOKMARK [0][-]{chapter.15}{Partial Derivatives}{part.1}% 32
\BOOKMARK [1][-]{section.15.1}{Functions of Several Variables}{chapter.15}% 33
\BOOKMARK [1][-]{section.15.2}{Limits and Continuity}{chapter.15}% 34
\BOOKMARK [1][-]{section.15.3}{Partial Derivatives}{chapter.15}% 35
\BOOKMARK [1][-]{section.15.4}{Tangent Planes and Linear Approximations}{chapter.15}% 36
\BOOKMARK [1][-]{section.15.5}{The Chain Rule}{chapter.15}% 37
\BOOKMARK [1][-]{section.15.6}{Directional Derivatives and The Gradient Vector}{chapter.15}% 38
\BOOKMARK [1][-]{section.15.7}{Maximum and Minimum Values}{chapter.15}% 39
\BOOKMARK [0][-]{chapter.16}{Multiple Integrals}{part.1}% 40
\BOOKMARK [1][-]{section.16.1}{Double Integrals over Rectangles}{chapter.16}% 41
\BOOKMARK [1][-]{section.16.2}{Iterated Integrals}{chapter.16}% 42
\BOOKMARK [1][-]{section.16.3}{Double Integrals Over General Regions}{chapter.16}% 43
\BOOKMARK [1][-]{section.16.4}{Double Integrals in Polar Coordinates}{chapter.16}% 44
\BOOKMARK [1][-]{section.16.5}{Applications of Double Integrals}{chapter.16}% 45
\BOOKMARK [1][-]{section.16.6}{Surface Area}{chapter.16}% 46
\BOOKMARK [1][-]{section.16.7}{Triple Integrals}{chapter.16}% 47
\BOOKMARK [1][-]{section.16.8}{Triple Integrals in Cylindrical and Spherical Coordinates}{chapter.16}% 48
\BOOKMARK [1][-]{section.16.9}{Change of Variables in Multiple Integrals}{chapter.16}% 49
\BOOKMARK [0][-]{chapter.17}{Vector Calculus}{part.1}% 50
\BOOKMARK [1][-]{section.17.1}{Vector Fields}{chapter.17}% 51
\BOOKMARK [1][-]{section.17.2}{Line Integrals}{chapter.17}% 52
\BOOKMARK [1][-]{section.17.3}{The Fundamental Theorem for Line Integrals}{chapter.17}% 53
\BOOKMARK [1][-]{section.17.4}{Green's Theorem}{chapter.17}% 54
\BOOKMARK [1][-]{section.17.5}{Curl and Divergence}{chapter.17}% 55
\BOOKMARK [2][-]{subsection.17.5.1}{Vector Forms of Green's Theorem}{section.17.5}% 56
\BOOKMARK [1][-]{section.17.6}{Parametric Surfaces and Their Areas}{chapter.17}% 57
\BOOKMARK [0][-]{chapter.18}{Second-Order Differential Equations}{part.1}% 58
\BOOKMARK [1][-]{section.18.1}{Second-Order Linear equations}{chapter.18}% 59
\BOOKMARK [1][-]{section.18.2}{Nonhomogeneous Linear Equations}{chapter.18}% 60
\BOOKMARK [1][-]{section.18.3}{Series Solution}{chapter.18}% 61
\BOOKMARK [-1][-]{part.2}{II Linear Algebra}{}% 62
\BOOKMARK [0][-]{chapter.1}{Vectors}{part.2}% 63
\BOOKMARK [1][-]{section.1.1}{The Geometry and Algebra of Vectors}{chapter.1}% 64
\BOOKMARK [1][-]{section.1.2}{Length and Angle: The Dot Product}{chapter.1}% 65
\BOOKMARK [1][-]{section.1.3}{Lines and Planes}{chapter.1}% 66
\BOOKMARK [0][-]{chapter.2}{Systems of Linear Equations}{part.2}% 67
\BOOKMARK [1][-]{section.2.1}{Introduction to Systems of Linear Equations}{chapter.2}% 68
\BOOKMARK [1][-]{section.2.2}{Direct Methods for Solving Linear Systems}{chapter.2}% 69
\BOOKMARK [1][-]{section.2.3}{Spanning Sets and Linear Independence}{chapter.2}% 70
\BOOKMARK [1][-]{section.2.4}{Applications}{chapter.2}% 71
\BOOKMARK [0][-]{chapter.3}{Matricies}{part.2}% 72
\BOOKMARK [1][-]{section.3.1}{Matrix Operations}{chapter.3}% 73
\BOOKMARK [1][-]{section.3.2}{Matrix Algebra}{chapter.3}% 74
\BOOKMARK [1][-]{section.3.3}{Inverse of a Matrix}{chapter.3}% 75
\BOOKMARK [1][-]{section.3.4}{LU Factorization}{chapter.3}% 76
\BOOKMARK [1][-]{section.3.5}{Subspaces, Basis, Dimension, and Rank}{chapter.3}% 77
\BOOKMARK [1][-]{section.3.6}{Intro to Linear Transformations}{chapter.3}% 78
\BOOKMARK [0][-]{chapter.4}{Eigenvalues and Eigenvectors}{part.2}% 79
\BOOKMARK [1][-]{section.4.1}{Introduction to Eigenvalues and Eigenvectors}{chapter.4}% 80
\BOOKMARK [1][-]{section.4.2}{Determinants}{chapter.4}% 81
\BOOKMARK [1][-]{section.4.3}{Eigenvalues and Eigenvectors of nn matricies}{chapter.4}% 82
\BOOKMARK [1][-]{section.4.4}{Similarity and Diagonalization}{chapter.4}% 83
\BOOKMARK [0][-]{chapter.5}{Orthogonality}{part.2}% 84
\BOOKMARK [1][-]{section.5.1}{Orthogonal and Orthonormal Sets of Vectors}{chapter.5}% 85
\BOOKMARK [1][-]{section.5.2}{Orthogonal Complements and Orthogonal Projections}{chapter.5}% 86
\BOOKMARK [1][-]{section.5.3}{The Gram-Schmidt Process and the QR Factorization}{chapter.5}% 87
\BOOKMARK [2][-]{subsection.5.3.1}{The Gram-Schmidt Process}{section.5.3}% 88
\BOOKMARK [1][-]{section.5.4}{Orthogonal Diagonalization of Symmetric Matricies}{chapter.5}% 89
\BOOKMARK [1][-]{section.5.5}{Applications}{chapter.5}% 90
\BOOKMARK [0][-]{chapter.6}{Vector Spaces}{part.2}% 91
\BOOKMARK [1][-]{section.6.1}{Vector Spaces and Subspaces}{chapter.6}% 92
\BOOKMARK [1][-]{section.6.2}{Linear Independece, Basis, and Dimension}{chapter.6}% 93
\BOOKMARK [2][-]{subsection.6.2.1}{The Gauss-Jordan Method for Computing a Change-of-Basis Matrix}{section.6.2}% 94
\BOOKMARK [1][-]{section.6.3}{Linear Transformations}{chapter.6}% 95
\BOOKMARK [1][-]{section.6.4}{Kernel and Range of a Linear Transformation}{chapter.6}% 96
\BOOKMARK [1][-]{section.6.5}{Applications}{chapter.6}% 97
\BOOKMARK [0][-]{chapter.7}{Distance and Approximation}{part.2}% 98
\BOOKMARK [1][-]{section.7.1}{Inner Product Spaces}{chapter.7}% 99
\BOOKMARK [2][-]{subsection.7.1.1}{Properties of Inner Products}{section.7.1}% 100
\BOOKMARK [2][-]{subsection.7.1.2}{Length, Distance, and Orthogonality}{section.7.1}% 101
\BOOKMARK [2][-]{subsection.7.1.3}{Pythagoras' Theorem}{section.7.1}% 102
\BOOKMARK [2][-]{subsection.7.1.4}{Legendre Polynomials}{section.7.1}% 103
\BOOKMARK [2][-]{subsection.7.1.5}{Cauchy-Schwarz and Triangle inequalities}{section.7.1}% 104
\BOOKMARK [1][-]{section.7.2}{Norms and Distance Functions}{chapter.7}% 105
\BOOKMARK [2][-]{subsection.7.2.1}{Vector Norms}{section.7.2}% 106
\BOOKMARK [2][-]{subsection.7.2.2}{Matrix Norms}{section.7.2}% 107
\BOOKMARK [2][-]{subsection.7.2.3}{Condition Number of a Matrix}{section.7.2}% 108
\BOOKMARK [1][-]{section.7.3}{Least Squares Approximation}{chapter.7}% 109
\BOOKMARK [2][-]{subsection.7.3.1}{Penrose Conditions}{section.7.3}% 110
\BOOKMARK [1][-]{section.7.4}{The Singular Value Decomposition}{chapter.7}% 111
\BOOKMARK [2][-]{subsection.7.4.1}{Singular Values of a Matrix}{section.7.4}% 112
\BOOKMARK [2][-]{subsection.7.4.2}{Singular Value Decomposition}{section.7.4}% 113
\BOOKMARK [1][-]{section.7.5}{Applications}{chapter.7}% 114
